[    0.000000] Initializing cgrp bsys cpuset
[  000000] Initializing cgroup subsys cpu
[    0.000000] Initializing cgroup subsys cpuacct
[   0.000000] Linux version 4.4.0-170-generic (buildd@lcy01-amd64-019) (gcc version 5.4.0 20160609 (Ubuntu 5.4.0-6ubuntu1~16.04.12) ) #199-Ubuntu SMP Thu Nov 14 01:45:04 UTC 2019 (Ubuntu 4.4.0-170.199-generic 4.4.200)
[    0.000000] Command line: BOOT_IMAGE=/boot/vmlinuz-4.4.0-170-generic root=LABEL=cloudimg-rootfs ro console=tty1 console=ttyS0
[    0.000000] KERNEL supported cpus:
[    0.000000]   Intel GenuineIntel
[    0.000000]   AMD AuthenticAMD
[    0.000000]   Centaur CentaurHauls
[    0.000000] x86/fpu: xstate_offset[2]:  576, xstate_sizes[2]:  256
[    0.000000] x86/fpu: Supporting XSAVE feature 0x01: 'x87 floating point registers'
[    0.000000] x86/fpu: Supporting XSAVE feature 0x02: 'SSE registers'
[    0.000000] x86/fpu: Supporting XSAVE feature 0x04: 'AVX registers'
[    0.000000] x86/fpu: Enabled xstate features 0x7, context size is 832 bytes, using 'standard' format.
[    0.000000] e820: BIOS-provided physical RAM map:
[    0.000000] BIOS-e820: [mem 0x0000000000000000-0x000000000009fbff] usable
[    0.000000] BIOS-e820: [mem 0x000000000009fc00-0x000000000009ffff] reserved
[    0.000000] BIOS-e820: [mem 0x00000000000f0000-0x00000000000fffff] reserved
[    0.000000] BIOS-e820: [mem 0x0000000000100000-0x000000003ffeffff] usable
[    0.000000] BIOS-e820: [mem 0x000000003fff0000-0x000000003fffffff] ACPI data
[    0.000000] BIOS-e820: [mem 0x00000000fec00000-0x00000000fec00fff] seed
[  000000] BIOS-e820: [mem 0x00000000fee00000-0x00000000fee00fff] reserved
[    0.000000] BIOS-e820: [mem 0x00000000fffc0000-0x00000000ffffffff] reserved
[    0.000000] NX (Execute Disable) protection: activ
[    0.000000] SMBIOS 2.5 present.
[   0.000000] Hypervisor detected: KVM
[  000000] e820: last_pfn = 0x3fff0 max_arch_pfn = 0x400000000
[    0.000000] MTRR: Disabled
[    0.000000] x86/PAT: MTRRs disabled, skipping PAT initialization too.
[    0.000000] CPU MTRRs all blank - virtualized system.
[  0000000] x86/PAT: Configuration [0-7]: WB  WT  UC- UC  WB  WT  UC- UC  
[  000000] found SMP MP-table at [mem 0x0009fff0-0x0009ffff] mapped at [ffff88000009fff0]
[  000000] Scanning 1 areas for low memory corruption
[    0.000000] RAMDISK: [mem 0x362f4000-0x37171fff]
[  000000] ACPI: Early table checksum verification disabled
[    0.000000] ACPI: RSDP 0x00000000000E0000 000024 (v02 VBOX  )
[    0.000000] ACPI: XSDT 0x000000003FFF0030 00003C (v01 VBOX   VBOXXSDT 00000001 ASL  00000061)
[  0000000] ACPI: FACP 0x000000003FFF00F0 0000F4 (v04 VBOX   VBOXFACP 00000001 ASL  00000061)
[    0.000000] ACPI: DSDT 0x000000003FFF0470 0021FF (v02 VBOX   VBOXBIOS 00000002 INTL 20100528)
[    0.000000] ACPI: FACS 0x000000003FFF0200 000040
[    0.000000] ACPI: FACS 0x000000003FFF0200 000040
[    0.000000] ACPI: APIC 0x000000003FFF0240 00005C (v02 VBOX   VBOXAPIC 00000001 ASL  00000061)
[  0000000] ACPI: SSDT 0x000000003FFF02A0 0001CC (v01 VBOX   VBOXCPUT 00000002 INTL 20100528)
[    0.000000] No NUMA configuration found
[    0.000000] Faking a node at [mem 0x0000000000000000-0x000000003ffeffff]
[    0.000000] NODE_DATA(0) allocated [mem 0x3ffeb000-0x3ffeffff]
[    0.000000] kvm-clock: Using msrs 4b564d01 and 4b564d00
[    0.000000] kvm-clock: cpu 0, msr 0:3ffe3001, primary cpu clock
[    0.000000] kvm-clock: using sched offset of 3764037083 cycles
[    0.000000] clocksource: kvm-clock: mask: 0xffffffffffffffff max_cycles: 0x1cd42e4dffb, max_idle_ns: 881590591483 ns
[    0.000000] Zone ranges:
[    0.000000]   DMA      [mem 0x0000000000001000-0x0000000000ffffff]
[    0.000000]   DMA32    [mem 0x0000000001000000-0x000000003ffeffff]
[    0.000000]   Normal   empty
[    0.000000]   Device   empty
[    0.000000] Movable zone start for each node
[    0.000000] Early memory node ranges
[    0.000000]   node   0: [mem 0x0000000000001000-0x000000000009efff]
[    0.000000]   node   0: [mem 0x0000000000100000-0x000000003ffeffff]
[    0.000000] Initmem setup node 0 [mem 0x0000000000001000-0x000000003ffeffff]
[    0.000000] ACPI: PM-Timer IO Port: 0x4008
[    0.000000] IOAPIC[0]: apic_id 2, version 32, address 0xfec00000, GSI 0-23
[    0.000000] ACPI: INT_SRC_OVR (bus 0 bus_irq 0 global_irq 2 dfl dfl)
[    0.000000] ACPI: INT_SRC_OVR (bus 0 bus_irq 9 global_irq 9 low level)
[  0000000] Using ACPI (MADT) for SMP configuration information
[    0.000000] smpboot: Allowing 2 CPUs, 0 hotplug CPUs
[  0000000] PM: Registered nosave memory: [mem 0x00000000-0x00000fff]
[    0.000000] PM: Registered nosave memory: [mem 0x0009f000-0x0009ffff]
[    0.000000] PM: Registered nosave memory: [mem 0x000a0000-0x000effff]
[    0.000000] PM: Registered nosave memory: [mem 0x000f0000-0x000fffff]
[    0.000000] e820: [mem 0x40000000-0xfebfffff] available for PCI devices
[    0.000000] Booting paravirtualized kernel on KVM
[    0.000000] clocksource: refined-jiffies: mask: 0xffffffff max_cycles: 0xffffffff, max_idle_ns: 7645519600211568 ns
[    0.000000] setup_percpu: NR_CPUS:512 nr_cpumask_bits:512 nr_cpu_ids:2 nr_node_ids:1
[    0.000000] PERCPU: Embedded 33 pages/cpu @ffff88003fc00000 s95448 r8192 d31528 u1048576
[    0.000000] Built 1 zonelists in Node order, mobility grouping on.  Total pages: 257912
[    0.000000] Policy zone: DMA32
[    0.000000] Kernel command line: BOOT_IMAGE=/boot/vmlinuz-4.4.0-170-generic root=LABEL=cloudimg-rootfs ro console=tty1 console=ttyS0
[    0.000000] PID hash table entries: 4096 (order: 3, 32768 bytes)
[    0.000000] Memory: 997716K/1048120K available (8626K kernel code, 1336K rwdata, 4036K rodata, 1488K init, 1288K bss, 50404K reserved, 0K cma-reserved)
[    0.000000] SLUB: HWalign=64, Order=0-3, MinObjects=0, CPUs=2, Nodes=1
[    0.000000] Kernel/User page tables isolation: enabled
[    0.000000] Hierarchical RCU implementation.
[    0.000000] 	Build-time adjustment of leaf fanout to 64.
[    0.000000] 	RCU restricting CPUs from NR_CPUS=512 to nr_cpu_ids=2.
[    0.000000] RCU: Adjusting geometry for rcu_fanout_leaf=64, nr_cpu_ids=2
[    0.000000] NRIRQS:33024 nr_irqs:440 16
[    0.000000] Console: colour VGA+ 80x25
[    0.000000] console [tty1] enabled
[    0.000000] console [ttyS0] enabled
[    0.000000] tsc: Detected 2712.000 MHz processor
[    0.962707] Calibrating delay loop (skipped) preset value.. 5424.00 BogoMIPS (lpj=10848000)
[    0.964766] pid_max: default: 32768 minimum: 301
[    0.965689] ACPI: Core revision 20150930
[    0.967523] ACPI: 2 ACPI AML tables successfully acquired and loadedd
[    0.968874] Security Framework initialized
[    0.969717] Yama: becoming mindful.
[    0.970526] AppArmor: AppArmor initialized
[    0.971726] Dentry cache hash table entries: 131072 (order: 8, 1048576 bytes)
[    0.976994] Inode-cache hash table entries: 65536 (order: 7, 524288 bytes)
[    0.978436] Mount-cache hash table entries: 2048 (order: 2, 16384 bytes)
[    0.979727] Mountpoint-cache hash table entries: 2048 (order: 2, 16384 bytes)
[    0.994579] Initializing cgroup subsys io
[    1.002664] Initializing cgroup subsys memory
[    1.017163] Initializing cgroup subsys devices
[    1.027092] Initializing cgroup subsys freezer
[    1.034951] Initializing cgroup subsys net_cls
[    1.042747] Initializing cgroup subsys perf_event
[    1.050592] Initializing cgroup subsys net_prio
[    1.064884] Initializing cgroup subsys hugetlb
[    1.065817] Initializing cgroup subsys pids
[    1.068394] mce: CPU supports 0 MCE banks
[    1.069250] Last level iTLB entries: 4KB 64, 2MB 8, 4MB 8
[    1.070300] Last level dTLB entries: 4KB 64, 2MB 0, 4MB 0, 1GB 4
[    1.071420] Spectre V1 : Mitigation: usercopy/swapgs barriers and __user pointer sanitization
[    1.073243] Spectre V2 : Mitigation: Full generic retpoline
[    1.074339] Spectre V2 : Spectre v2 / SpectreRSB mitigation: Filling RSB on context switch
[    1.076002] Speculative Store Bypass: Vulnerable
[    1.077003] MDS: Vulnerable: Clear CPU buffers attempted, no microcode
[    1.080672] Freeing SMP alternatives memory: 36K
[    1.086972] ftrace: allocating 32302 entries in 127 pages
[    1.145995] smpboot: APIC(0) Converting physical 0 to logical package 0
[    1.168942] smpboot: Max logical packages: 1
[    1.176751] x2apic enabled
[    1.241383] Switched APIC routing to physical x2apic.
[    1.256841] ..TIMER: vector=0x30 apic1=0 pin1=2 apic2=-1 pin2=-1
[    1.386288] smpboot: CPU0: Intel(R) Core(TM) i5-7200U CPU @ 2.50GHz (family: 0x6, model: 0x8e, stepping: 0x9)
[    1.401528] Performance Events: unsupported p6 CPU model 142 no PMU driver, software events only.
[    1.413788] KVM setup paravirtual spinlock
[    1.415375] x86: Booting SMP configuration:
[    1.416255] .... node  #0, CPUs:      #1
[    1.445064] kvm-clock: cpu 1, msr 0:3ffe3041, secondary cpu clock
[    1.472512] mce: CPU supports 0 MCE banks
[    1.476158] x86: Booted up 1 node, 2 CPUs
[    1.477233] smpboot: Total of 2 processors activated (10848.00 BogoMIPS)
[    1.492302] devtmpfs: initialized
[    1.502064] evm: security.selinux
[    1.502846] evm: security.SMACK64
[    1.503588] evm: security.SMACK64EXEC
[    1.504390] evm: security.SMACK64TRANSMUTE
[    1.505244] evm: security.SMACK64MMAP
[    1.506026] evm: security.ima
[    1.506853] evm: security.capability
[    1.514093] clocksource: jiffies: mask: 0xffffffff max_cycles: 0xffffffff, max_idle_ns: 7645041785100000 ns
[    1.515982] futex hash table entries: 512 (order: 3, 32768 bytes)
[    1.525593] pinctrl core: initialized pinctrl subsystem
[    1.526785] RTC time:  9:45:12, date: 01/16/20
[    1.527858] NET: Registered protocol family 16
[    1.538675] cpuidle: using governor ladder
[    1.560161] cpuidle: using governor menu
[    1.561257] PCCT header not found.
[    1.562259] ACPI: bus type PCI registered
[    1.563369] acpiphp: ACPI Hot Plug PCI Controller Driver version: 0.5
[    1.566792] PCI: Using configuration type 1 for base access
[    1.588134] ACPI: Added _OSI(Module Device)
[    1.595983] ACPI: Added _OSI(Processor Device)
[    1.603825] ACPI: Added _OSI(3.0 _SCP Extensions)
[    1.611660] ACPI: Added _OSI(Processor Aggregator Device)
[    1.613499] ACPI: Executed 1 blocks of module-level executable AML code
[    1.630377] ACPI: Interpreter enabled
[    1.632937] ACPI: (supports S0 S5)
[    1.633704] ACPI: Using IOAPIC for interrupt routing
[    1.634836] PCI: Using host bridge windows from ACPI; if necessary, use "pci=nocrs" and report a bug
[    1.639958] ACPI: PCI Root Bridge [PCI0] (domain 0000 [bus 00-ff])
[    1.641165] acpi PNP0A03:00: _OSC: OS supports [ASPM ClockPM Segments MSI]
[    1.642436] acpi PNP0A03:00: _OSC: not requesting OS control; OS requires [ExtendedConfig ASPM ClockPM MSI]
[    1.644336] acpi PNP0A03:00: fail to add MMCONFIG information, can't access extended PCI configuration space under this bridge.
[    1.646786] PCI host bridge to bus 0000:00
[    1.647635] pci_bus 0000:00: root bus resource [io  0x0000-0x0cf7 window]
[    1.648885] pci_bus 0000:00: root bus resource [io  0x0d00-0xffff window]
[    1.650131] pci_bus 0000:00: root bus resource [mem 0x000a0000-0x000bffff window]
[    1.651688] pci_bus 0000:00: root bus resource [mem 0x40000000-0xfdffffff window]
[    1.653222] pci_bus 0000:00: root bus resource [bus 00-ff]
[    1.656097] pci 0000:00:01.1: legacy IDE quirk: reg 0x10: [io  0x01f0-0x01f7]
[    1.657666] pci 0000:00:01.1: legacy IDE quirk: reg 0x14: [io  0x03f6]
[    1.672378] pci 0000:00:01.1: legacy IDE quirk: reg 0x18: [io  0x0170-0x0177]
[    1.680558] pci 0000:00:01.1: legacy IDE quirk: reg 0x1c: [io  0x0376]
[    1.718387] pci 0000:00:07.0: quirk: [io  0x4000-0x403f] claimed by PIIX4 ACPI
[    1.720031] pci 0000:00:07.0: quirk: [io  0x4100-0x410f] claimed by PIIX4 SMB
[    1.733607] ACPI: PCI Interrupt Link [LNKA] (IRQs 5 9 10 *11)
[    1.735406] ACPI: PCI Interrupt Link [LNKB] (IRQs 5 9 *10 11)
[    1.751739] ACPI: PCI Interrupt Link [LNKC] (IRQs 5 *9 10 11)
[    1.754766] ACPI: PCI Interrupt Link [LNKD] (IRQs 5 9 10 *11)
[    1.756384] ACPI: Enabled 2 GPEs in block 00 to 07
[    1.757798] vgaarb: setting as boot device: PCI:0000:00:02.0
[    1.765654] vgaarb: device added: PCI:0000:00:02.0,decodes=io+mem,owns=io+mem,locks=none
[    1.767621] vgaarb: loaded
[    1.774481] vgaarb: bridge control possible 0000:00:02.0
[    1.782950] SCSI subsystem initialized
[    1.790358] ACPI: bus type USB registered
[    1.791430] usbcore: registered new interface driver usbfs
[    1.805082] usbcore: registered new interface driver hub
[    1.818267] usbcore: registered new device driver usb
[    1.821014] PCI: Using ACPI for IRQ routing
[    1.828671] NetLabel: Initializing
[    1.835900] NetLabel:  domain hash size = 128
[    1.851734] NetLabel:  protocols = UNLABELED CIPSOv4
[    1.861732] NetLabel:  unlabeled traffic allowed by default
[    1.870057] amd_nb: Cannot enumerate AMD northbridges
[    1.878414] clocksource: Switched to clocksource kvm-clock
[  102013] AppArmor: AppArmor Filesystem Enabled
[    1.998959] pnp: PnP ACPI init
[    2.000687] pnp: PnP ACPI: found 3 devices

[    2.012493] clocksource: acpi_pm: mask: 0xffffff max_cycles: 0xffffff, max_idle_ns: 2085701024 ns
[    2.014906] NET: Registered protocol family 2
[    2.016340] TCP established hash table entries: 8192 (order: 4, 65536 bytes)
[    2.025507] TCP bind hash table entries: 8192 (order: 5, 131072 bytes)
[    2.0211TC Hh tabs nfur (taisd 92in81)  2.98] P sh table entries: 512 (order: 2, 16384 bytes)
[    3.096621]DP-Lite hash table entries: 512 (order: 2, 16384 bytes)
[    3.149096] NET: Registered protocol family 1
[    3.150284] pci 0000:00:00.0: Limiting direct PCI/PCI transfers
[    3.151864] pci 0000:00:01.0: Activating ISA DMA hang workarounds
[    3.153261] Unpacking initramfs...

[    3.410208] Freeing initrd memory: 14840K
[    3.417503] clocksource: tsc: mask: 0xffffffffffffffff max_cycles: 0x2717868ea45, max_idle_ns: 440795316085 ns
[    3.432412] platform rtc_cmos: registered platform RTC device (no PNP device found)
[    3.434413] Scanning for low memory corruption every 60 seconds
[    3.442402] audit: initializing netlink subsys (disabled)
[    3.443827] audit: type=2000 audit(1579167918.507:1): initialized
[    3.452045] Initialise system trusted keyring
[    3.466181] HugeTLB registered 2 MB page size, pre-allocated 0 pages
[    3.475111] zbud: loaded
[    3.476097] VFS: Disk quotas dquot_6.6.0
[    3.476962] VFS: Dquot-cache hash table entries: 512 (order 0, 4096 bytes)
[    3.478452] squashfs: version 4.0 (2009/01/31) Phillip Lougher
[    3.479952] fuse init (API version 7.23)
[    3.480952] Key type big_key registered
[    3.481792] Allocating IMA MOK and blacklist keyrings.
[    3.484252] Key type asymmetric registered
[    3.485325] Asymmetric key parser 'x509' registered
[    3.493393] Block layer SCSI generic (bsg) driver version 0.4 loaded (major 249)
[    3.495007] io scheduler noop registered
[    3.495859] io scheduler deadline registered (default)
[    3.496917] io scheduler cfq registered
[    3.497822] pci_hotplug: PCI Hot Plug PCI Core version: 0.5
[    3.498966] pciehp: PCI Express Hot Plug Controller Driver version: 0.4
[    3.500323] ACPI: AC Adapter [AC] (on-line)
[    3.501240] input: Power Button as /devices/LNXSYSTM:00/LNXPWRBN:00/input/input0
[    3.502783] ACPI: Power Button [PWRF]
[    3.503686] input: Sleep Button as /devices/LNXSYSTM:00/LNXSLPBN:00/input/input1
[    3.505227] ACPI: Sleep Button [SLPF]
[    3.506893] GHES: HEST is not enabled!
[    3.507522] ACPI: Battery Slot [BAT0] (battery present)
[    3.509176] Serial: 8250/16550 driver, 32 ports, IRQ sharing enabled
[    3.532684] 00:02: ttyS0 at I/O 0x3f8 (irq = 4, base_baud = 115200) is a 16550A
[    3.537246] Linux agpgart interface v0.103
[    3.540018] loop: module loaded
[    3.541373] scsi host0: ata_piix
[    3.542255] scsi host1: ata_piix
[    3.543054] ata1: PATA max UDMA/33 cmd 0x1f0 ctl 0x3f6 bmdma 0xd000 irq 14
[    3.544318] ata2: PATA max UDMA/33 cmd 0x170 ctl 0x376 bmdma 0xd008 irq 15
[    3.545677] libphy: Fixed MDIO Bus: probed
[    3.546600] tun: Universal TUN/TAP device driver, 1.6
[    3.547633] tun: (C) 1999-2004 Max Krasnyansky <maxk@qualcomm.com>
[    3.549096] PPP generic driver version 2.4.2
[    3.550077] ehci_hcd: USB 2.0 'Enhanced' Host Controller (EHCI) Driver
[    3.551321] ehci-pci: EHCI PCI platform driver
[    3.552242] ehci-platform: EHCI generic platform driver
[    3.553270] ohci_hcd: USB 1.1 'Open' Host Controller (OHCI) Driver
[    3.554423] ohci-pci: OHCI PCI platform driver
[    3.555375] ohci-platform: OHCI generic platform driver
[    3.556537] uhci_hcd: USB Universal Host Controller Interface driver
[    3.570693] i8042: PNP: PS/2 Controller [PNP0303:PS2K,PNP0f03:PS2M] at 0x60,0x64 irq 1,12
[    3.572942] serio: i8042 KBD port at 0x60,0x64 irq 1
[    3.586209] serio: i8042 AUX port at 0x60,0x64 irq 12
[    3.607231] mousedev: PS/2 mouse device common for all mice
[    3.608837] input: AT Translated Set 2 keyboard as /devices/platform/i8042/serio0/input/input2
[    3.610952] rtc_cmos rtc_cmos: rtc core: registered rtc_cmos as rtc0
[    3.612595] rtc_cmos rtc_cmos: alarms up to one day, 114 bytes nvram
[    3.643071] i2c /dev entries driver
[    3.657329] device-mapper: uevent: version 1.0.3
[    3.666372] device-mapper: ioctl: 4.34.0-ioctl (2015-10-28) initialised: dm-devel@redhat.com
[    3.668509] ledtrig-cpu: registered to indicate activity on CPUs
[    3.670466] NET: Registered protocol family 10
[    3.685979] NET: Registered protocol family 17
[    3.693681] Key type dns_resolver registered
[    3.701700] registered taskstats version 1
[    3.710301] Loading compiled-in X.509 certificates
[    3.726392] Loaded X.509 cert 'Build time autogenerated kernel key: f0e56e97f406068ace47a9bf54316e9855aaaa43'
[    3.741762] zswap: loaded using pool lzo/zbud
[    3.757754] Key type trusted registered
[    3.762214] Key type encrypted registered
[    3.770640] AppArmor: AppArmor sha1 policy hashing enabled
[    3.774767] ima: No TPM chip found, activating TPM-bypass!
[    3.777699] ima: Allocated hash algorithm: sha1
[    3.793191] evm: HMAC attrs: 0x1
[    3.801127]   Magic number: 4:360:778
[    3.808741] rtc_cmos rtc_cmos: setting system clock to 2020-01-16 09:45:14 UTC (1579167914)
[    3.834243] BIOS EDD facility v0.16 2004-Jun-25, 0 devices found
[    3.842189] EDD information not available.
[    3.858806] Freeing unused kernel memory: 1488K
[    3.879171] Write protecting the kernel read-only data: 14336k
[    3.888472] Freeing unused kernel memory: 1604K
[    3.904649] Freeing unused kernel memory: 60K
Loading, please wait...
starting version[    3.925636] random: systemd-udevd: uninitialized urandom read (16 bytes read, 3 bits of entropy available)
 229
[    3.926269] random: udevadm: uninitialized urandom read (16 bytes read, 3 bits of entropy available)
[    3.926288] random: udevadm: uninitialized urandom read (16 bytes read, 3 bits of entropy available)
[    3.933771] random: udevadm: uninitialized urandom read (16 bytes read, 3 bits of entropy available)
[    3.933811] random: udevadm: uninitialized urandom read (16 bytes read, 3 bits of entropy available)
[    3.933932] random: udevadm: uninitialized urandom read (16 bytes read, 3 bits of entropy available)
[    3.933978] random: udevadm: uninitialized urandom read (16 bytes read, 3 bits of entropy available)
[    3.934022] random: udevadm: uninitialized urandom read (16 bytes read, 3 bits of entropy available)
[    3.934065] random: udevadm: uninitialized urandom read (16 bytes read, 3 bits of entropy available)
[    3.934108] random: udevadm: uninitialized urandom read (16 bytes read, 3 bits of entropy available)
[    4.055227] e1000: Intel(R) PRO/1000 Network Driver - version 7.3.21-k8-NAPI
[    4.056847] e1000: Copyright (c) 1999-2006 Intel Corporation.
[    4.068116] Fusion MPT base driver 3.04.20
[    4.069216] Copyright (c) 1999-2008 LSI Corporation
[    4.081847] Fusion MPT SPI Host driver 3.04.20
[    4.088834] AVX2 version of gcm_enc/dec engaged.
[    4.089947] AES CTR mode by8 optimization enabled
[    4.270127] input: ImExPS/2 Generic Explorer Mouse as /devices/platform/i8042/serio1/input/input4
[    4.495243] e1000 0000:00:03.0 eth0: (PCI:33MHz:32-bit) 02:4f:25:6a:cc:77
[    4.516926] e1000 0000:00:03.0 eth0: Intel(R) PRO/1000 Network Connection
[    4.580216] mptbase: ioc0: Initiating bringup
[    5.225083] ioc0: LSI53C1030 A0: Capabilities={Initiator}
[    6.059306] scsi host2: ioc0: LSI53C1030 A0, FwRev=00000000h, Ports=1, MaxQ=256, IRQ=20
[    7.118719] scsi 2:0:0:0: Direct-Access     VBOX     HARDDISK         1.0  PQ: 0 ANSI: 5
[    7.139876] scsi target2:0:0: Beginning Domain Validation
[    7.153131] scsi target2:0:0: Domain Validation skipping write tests
[    7.159369] scsi target2:0:0: Ending Domain Validation
[    7.164791] scsi target2:0:0: asynchronous
[    7.170555] scsi 2:0:1:0: Direct-Access     VBOX     HARDDISK         1.0  PQ: 0 ANSI: 5
[    7.184584] scsi target2:0:1: Beginning Domain Validation
[    7.189957] scsi target2:0:1: Domain Validation skipping write tests
[    7.192452] scsi target2:0:1: Ending Domain Validation
[    7.194797] scsi target2:0:1: asynchronous
[    7.211355] sd 2:0:0:0: Attached scsi generic sg0 type 0
[    7.276793] sd 2:0:0:0: [sda] 20971520 512-byte logical blocks: (10.7 GB/10.0 GiB)
[    7.290048] sd 2:0:0:0: [sda] Write Protect is off
[    7.291607] sd 2:0:0:0: [sda] Incomplete mode parameter data
[    7.299398] sd 2:0:0:0: [sda] Assuming drive cache: write through
[    7.301063] sd 2:0:1:0: Attached scsi generic sg1 type 0
[    7.302694] sd 2:0:1:0: [sdb] 20480 512-byte logical blocks: (10.5 MB/10.0 MiB)
[    7.305081] sd 2:0:1:0: [sdb] Write Protect is off
[    7.306458] sd 2:0:1:0: [sdb] Incomplete mode parameter data
[    7.324897] sd 2:0:1:0: [sdb] Assuming drive cache: write through
[    7.335690]  sda: sda1
[    7.342988] sd 2:0:1:0: [sdb] Attached SCSI disk
[    7.344094] sd 2:0:0:0: [sda] Attached SCSI disk
[    7.512587] e1000 0000:00:08.0 eth1: (PCI:33MHz:32-bit) 08:00:27:6a:ad:28
[    7.547942] e1000 0000:00:08.0 eth1: Intel(R) PRO/1000 Network Connection
[    7.577541] e1000 0000:00:03.0 enp0s3: renamed from eth0
[    7.598660] e1000 0000:00:08.0 enp0s8: renamed from eth1
Begin: Loading e[    9.061065] md: linear personality registered for level -1
ssential drivers ... [    9.089999] md: multipath personality registered for level -4
[    9.094027] md: raid0 personality registered for level 0
[    9.099290] md: raid1 personality registered for level 1
[    9.170752] raid6: sse2x1   gen() 10574 MB/s
[    9.246843] raid6: sse2x1   xor()  7279 MB/s
[    9.362562] raid6: sse2x2   gen() 12873 MB/s
[    9.438670] raid6: sse2x2   xor()  9110 MB/s
[    9.506543] raid6: sse2x4   gen() 14368 MB/s
[    9.582614] raid6: sse2x4   xor()  9990 MB/s
[    9.650907] raid6: avx2x1   gen() 20655 MB/s
[    9.718795] raid6: avx2x2   gen() 19885 MB/s
[    9.786570] raid6: avx2x4   gen() 25851 MB/s
[    9.888947] raid6: using algorithm avx2x4 gen() 25851 MB/s
[    9.928097] raid6: using avx2x2 recovery algorithm
[    9.930429] xor: automatically using best checksumming function:
[    9.971079]    avx       : 27647.000 MB/sec
[    9.973381] async_tx: api initialized (async)
[    9.984169] md: raid6 personality registered for level 6
[    9.985351] md: raid5 personality registered for level 5
[    9.986413] md: raid4 personality registered for level 4
[    9.994902] md: raid10 personality registered for level 10
done.
Begin: Running /scripts/init-premount ... done.
Begin: Mounting root file sys[   10.025032] Btrfs loaded
tem ... Begin: Running /scripts/local-top ... done.
Begin: Running /scripts/local-premount ... Scanning for Btrfs filesystems
done.
Warning: fsck not present, so skipping root file system
[   10.063625] EXT4-fs (sda1): mounted filesystem with ordered data mode. Opts: (null)
done.
Begin: Running /scripts/local-bottom ... done.
Begin: Running /scripts/init-bottom ... done.
[   10.183272] systemd[1]: systemd 229 running in system mode. (+PAM +AUDIT +SELINUX +IMA +APPARMOR +SMACK +SYSVINIT +UTMP +LIBCRYPTSETUP +GCRYPT +GNUTLS +ACL +XZ -LZ4 +SECCOMP +BLKID +ELFUTILS +KMOD -IDN)
[   10.186634] systemd[1]: Detected virtualization oracle.
[   10.187852] systemd[1]: Detected architecture x86-64.

Welcome to [1mUbuntu 16.04.6 LTS[0m!

[   10.192576] systemd[1]: Set hostname to <ubuntu>.
[   10.196531] systemd[1]: Initializing machine ID from random generator.
[   10.197824] systemd[1]: Installed transient /etc/machine-id file.
[   10.385579] systemd[1]: Listening on LVM2 metadata daemon socket.
[[0;32m  OK  [0m] Listening on LVM2 metadata daemon socket.
[   10.388455] systemd[1]: Started Forward Password Requests to Wall Directory Watch.
[[0;32m  OK  [0m] Started Forward Password Requests to Wall Directory Watch.
[   10.391634] systemd[1]: Reached target System Time Synchronized.
[[0;32m  OK  [0m] Reached target System Time Synchronized.
[   10.394456] systemd[1]: Created slice System Slice.
[[0;32m  OK  [0m] Created slice System Slice.
[   10.397008] systemd[1]: Created slice User and Session Slice.
[[0;32m  OK  [0m] Created slice User and Session Slice.
[   10.399579] systemd[1]: Listening on /dev/initctl Compatibility Named Pipe.
[[0;32m  OK  [0m] Listening on /dev/initctl Compatibility Named Pipe.
[   10.402368] systemd[1]: Reached target Swap.
[[0;32m  OK  [0m] Reached target Swap.
[   10.404587] systemd[1]: Listening on Device-mapper event daemon FIFOs.
[[0;32m  OK  [0m] Listening on Device-mapper event daemon FIFOs.
[  14787syem1]: Started Trigger soconf da f ntwork DNS.
[[0;32m  OK  [0m] Started Trigger resolvconf update for networkd DNS.
[   11.106220] systemd[1]: Listening on LVM2 poll daemon socket.
[[0;32m  OK  [0m] Listening on LVM2 poll daemon socket.
[   11.117659] systemd[1]: Listening on Syslog Socket.
[[0;32m  OK  [0m] Listening on Syslog Socket.
[   11.120632] systemd[1]: Reached target Encrypted Volumes.
[[0;32m  OK  [0m] Reached target Encrypted Volumes.
[   11.123565] systemd[1]: Created slice system-serial\x2dgetty.slice.
[[0;32m  OK  [0m] Created slice system-serial\x2dgetty.slice.
[   11.126401] systemd[1]: Listening on Journal Socket.
[[0;32m  OK  [0m] Listening on Journal Socket.
[   11.151385] systemd[1]: Starting Uncomplicated firewall...
         Starting Uncomplicated firewall...
[   11.213249] systemd[1]: Starting Load Kernel Modules...
         Starting Load Kernel Modules...
[   11.230503] Loading iSCSI transport class v2.0-870.
[   11.231486] systemd[1]: Starting Create list of required static device nodes for the current kernel...
         Starting Create list of required st... nodes for the current kernel...
[   11.245514] systemd[1]: Mounting POSIX Message Queue File System...
         Mounting POSIX Message Queue File System...
[   11.249608] systemd[1]: Mounting Huge Pages File System...
         Mounting Huge Pages File System...
[   11.254281] systemd[1]: Starting Set console keymap...
         Starting Set con[   11.256293] iscsi: registered transport (tcp)
sole keymap...
[   11.259598] systemd[1]: Mounting Debug File System...
         Mounting Debug File System...
[   11.266766] systemd[1]: Starting Remount Root and Kernel File Systems...
         Starting Remount Root and Kernel File Systems...
[   11.278843] systemd[1]: Set up automount Arbitrary Executable File Formats File System Automount Point.
[   11.283386] EXT4-fs (sda1): re-mounted. Opts: (null)
[[0;32m  OK  [0m] Set up automount Arbitrary Executab...ats File System Automount Point.
[   11.300481] systemd[1]: Starting Monitoring of LVM2 mirrors, snapshots etc. using dmeventd or progress polling...
         Starting Monitoring of LVM2 mirrors... dmeventd or progress polling...
[   11.313957] systemd[1]: Listening on Journal Audit Socket.
[[0;32m  OK  [0m] Listening on Journal Audit Socket.
[   11.329627] systemd[1]: Starting Nameserver information manager...
         Starting Nameserver information manager...
[   11.334762] systemd[1]: Listening on udev Kernel Socket.
[[0;32m  OK  [0m] Listening on udev Kernel Socket.
[   11.338266] systemd[1]: Reached target Slices.
[[0;32m  OK  [0[   11.347498] iscsi: registered transport (iser)
m] Reached target Slices.
[   11.351871] systemd[1]: Listening on Journal Socket (/dev/log).
[[0;32m  OK  [0m] Listening on Journal Socket (/dev/log).
[   11.355991] systemd[1]: Starting Journal Service...
         Starting Journal Service...
[   11.358640] systemd[1]: Listening on udev Control Socket.
[[0;32m  OK  [0m] Listening on udev Control Socket.
[   11.361639] systemd[1]: Reached target User and Group Name Lookups.
[[0;32m  OK  [0m] Reached target User and Group Name Lookups.
[   11.371288] systemd[1]: Mounted Debug File System.
[[0;32m  OK  [0m] Mounted Debug File System.
[   11.383092] systemd[1]: Mounted Huge Pages File System.
[[0;32m  OK  [0m] Mounted Huge Pages File System.
[   11.386058] systemd[1]: Mounted POSIX Message Queue File System.
[[0;32m  OK  [0m] Mounted POSIX Message Queue File System.
[   11.389038] systemd[1]: Started Journal Service.
[[0;32m  OK  [0m] Started Journal Service.
[[0;32m  OK  [0m] Started Uncomplicated firewall.
[[0;32m  OK  [0m] Started Load Kernel Modules.
[   11.405275] random: nonblocking pool is initialized
[[0;32m  OK  [0m] Started Create list of required sta...ce nodes for the current kernel.
[[0;32m  OK  [0m] Started Set console keymap.
[[0;32m  OK  [0m] Started Remount Root and Kernel File Systems.
[[0;32m  OK  [0m] Started Nameserver information manager.
[[0;32m  OK  [0m] Started LVM2 metadata daemon.
         Starting udev Coldplug all Devices...
         Starting Load/Save Random Seed...
         Starting Create Static Device Nodes in /dev...
         Starting Apply Kernel Variables...
         Mounting FUSE Control File System...
         Starting Flush Journal to Persistent Storage...
[[0;32m  OK  [0m] Started Load/Save Random Seed.
[[0;32m  OK  [0m] Started Apply Kernel Variables.
[[0;32m  OK  [0m] Mounted FUSE Control File System.
[[0;32m  OK  [0m] Started Create Static Device Nodes in /dev.
[[0;32m  OK  [0m] Started udev Coldplug all Devices.
[[0;32m  OK  [0m] Started Flush Journal to Persistent Storage.
         Starting udev Kernel Device Manager...
[[0;32m  OK  [0m] Started udev Kernel Device Manager.
[[0;32m  OK  [0m] Started Dispatch Password Requests to Console Directory Watch.
[[0;32m  OK  [0m] Found device /dev/ttyS0.
[[0;32m  OK  [0m] Listening on Load/Save RF Kill Switch Status /dev/rfkill Watch.
[[0;32m  OK  [0m] Started Monitoring of LVM2 mirrors,...ng dmeventd or progress polling.
[[0;32m  OK  [0m] Reached target Local File Systems (Pre).
[[0;32m  OK  [0m] Reached target Local File Systems.
         Starting Commit a transient machine-id on disk...
         Starting Set console font and keymap...
         Starting Tell Plymouth To Write Out Runtime Data...
         Starting LSB: AppArmor initialization...
         Starting Initial cloud-init job (pre-networking)...
         Starting Create Volatile Files and Directories...
[[0;32m  OK  [0m] Started Commit a transient machine-id on disk.
[[0;32m  OK  [0m] Started Tell Plymouth To Write Out Runtime Data.
[[0;32m  OK  [0m] Started Create Volatile Files and Directories.
         Starting Update UTMP about System Boot/Shutdown...
[[0;32m  OK  [0m] Started Update UTMP about System Boot/Shutdown.
[[0;32m  OK  [0m] Started Set console font and keymap.
[[0;32m  OK  [0m] Created slice system-getty.slice.
[   12.681281] cloud-init[633]: Cloud-init v. 19.2-36-g059d049c-0ubuntu2~16.04.1 running 'init-local' at Thu, 16 Jan 2020 09:45:24 +0000. Up 12.25 seconds.
[[0;32m  OK  [0m] Started Initial cloud-init job (pre-networking).
[[0;32m  OK  [0m] Reached target Network (Pre).
[[0;32m  OK  [0m] Started LSB: AppArmor initialization.
         Starting Raise network interfaces...
[[0;32m  OK  [0m] Started Raise network interfaces.
[[0;32m  OK  [0m] Reached target Network.
         Starting Initial cloud-init job (metadata service crawler)...
[   14.013750] cloud-init[956]: Cloud-init v. 19.2-36-g059d049c-0ubuntu2~16.04.1 running 'init' at Thu, 16 Jan 2020 09:45:25 +0000. Up 13.38 seconds.
[   14.016802] cloud-init[956]: ci-info: ++++++++++++++++++++++++++++++++++++++Net device info+++++++++++++++++++++++++++++++++++++++
[   14.019433] cloud-init[956]: ci-info: +--------+-------+----------------------------+---------------+--------+-------------------+
[   14.022122] cloud-init[956]: ci-info: | Device |   Up  |          Address           |      Mask     | Scope  |     Hw-Address    |
[   14.032395] cloud-init[956]: ci-info: +--------+-------+----------------------------+---------------+--------+-------------------+
[   14.034890] cloud-init[956]: ci-info: | enp0s3 |  True |         10.0.2.15          | 255.255.255.0 | global | 02:4f:25:6a:cc:77 |
[   14.037383] cloud-init[956]: ci-info: | enp0s3 |  True | fe80::4f:25ff:fe6a:cc77/64 |       .       |  link  | 02:4f:25:6a:cc:77 |
[   14.053478] cloud-init[956]: ci-info: | enp0s8 | False |             .              |       .       |   .    | 08:00:27:6a:ad:28 |
[   14.057019] cloud-init[956]: ci-info: |   lo   |  True |         127.0.0.1          |   255.0.0.0   |  host  |         .         |
[   14.064190] cloud-init[956]: ci-info: |   lo   |  True |          ::1/128           |       .       |  host  |         .         |
[   14.066393] cloud-init[956]: ci-info: +--------+-------+----------------------------+---------------+--------+-------------------+
[   14.068599] cloud-init[956]: ci-info: +++++++++++++++++++++++++++Route IPv4 info++++++++++++++++++++++++++++
[   14.080316] [cloud-init[0;32m  OK  [0m[956]: ] ci-info: +-------+-------------+----------+---------------+-----------+-------+Started Initial cloud-init job (metadata service crawler).

[[0;32m  OK  [0m] Reached target System Initialization.
[   14.080841] cloud-init[956]: ci-info: | Route | Destination | Gateway  |    Genmask    | Interface | Flags |
[   14.353774]          Starting LXD - unix socket.
[[0;32m  OK  [0m] Started Daily Cleanup of Temporary Directories.
[[0;32m  OK  [0m] Listening on UUID daemon activation socket.
[[0;32m  OK  [0m] Started Message of the Day.
cloud-init[956]: ci-info: +-------+-------------+----------+---------------+-----------+-------+
[   14.741275] [[0;32m  OK  [0m] Started ACPI Events Check.
[[0;32m  OK  [0m] Reached target Paths.
         Starting Socket activation for snappy daemon.
[[0;32m  OK  [0m] Listening on ACPID Listen Socket.
[[0;32m  OK  [0m] Started Daily apt download activities.
[[0;32m  OK  [0m] Started Daily apt upgrade and clean activities.
[[0;32m  OK  [0m] Reached target Timers.
[[0;32m  OK  [0m] Listening on D-Bus System Message Bus Socket.
[[0;32m  OK  [0m] Reached target Cloud-config availability.
[[0;32m  OK  [0m] Reached target Network is Online.
cloud-init[956]: ci-info: |   0   |   0.0.0.0   | 10.0.2.2 |    0.0.0.0    |   enp0s3  |   UG  |
[   14.881315]          Starting iSCSI initiator daemon (iscsid)...
[[0;32m  OK  [0m] Listening on LXD - unix socket.
[[0;32m  OK  [0m] Listening on Socket activation for snappy daemon.
cloud-init[956]: ci-info: |   1   |   10.0.2.0  | 0.0.0.0  | 255.255.255.0 |   enp0s3  |   U   |
[   14.903413] cloud-init[956]: ci-info: +-------+-------------+----------+---------------+-----------+-------+
[   14.910022] cloud-init[956]: ci-info: +++++++++++++++++++Route IPv6 info+++++++++++++++++++
[   14.932387] cloud-init[956]: ci-info: +-------+-------------+---------+-----------+-------+
[   14.932948] cloud-init[956]: ci-info: | Route | Destination | Gateway | Interface | Flags |
[[0;32m  OK  [0m] Started iSCSI initiator daemon (iscsid).
[   14.933744] cloud-init[956]: ci-info: +-------+-------------+---------+-----------+-------+
[   14.944204] cloud-init[956]: ci-info: |   0   |  fe80::/64  |    ::   |   enp0s3  |   U   |
[   14.946646] cloud-init[956]: ci-info: |   3   |   ff00::/8  |    ::   |   enp0s3  |   U   |
[   14.948732] cloud-init[956]: ci-info: +-------+-------------+---------+-----------+-------+
[   14.950897] cloud-init[956]: Generating public/private rsa key pair.
[   14.952635] cloud-init[956]: Your identification has been saved in /etc/ssh/ssh_host_rsa_key.
[   14.954720] cloud-init[956]: Your public key has been saved in /etc/ssh/ssh_host_rsa_key.pub.
[   14.957505] cloud-init[956]: The key fingerprint is:
[   14.973203] cloud-init[956]: SHA256:Ln2H1yvDCBM29YiTbCNdQW5avEDNaTu7wwD8wh6ZuFk root@ubuntu-xenial
[   14.976382]          Starting Login to default iSCSI targets...
[[0;32m  OK  [0m] Reached target Sockets.
[[0;32m  OK  [0m] Reached target Basic System.
         Starting System Logging Service...
cloud-init[956]: The key's randomart image is:
[   14.993874]          Starting Pollinate to seed the pseudo random number generator...
cloud-init[956]: +---[RSA 2048]----+
[[0;32m  OK  [0m] Started ACPI event daemon.
[   14.999641]          Starting Virtualbox guest utils...
         Starting LSB: MD monitoring daemon...
         Starting LXD - container startup/shutdown...
[[0;32m  OK  [0m] Started FUSE filesystem for LXC.
cloud-init[956]: |        .+oo     |
         Starting Accounts Service...
[[0;32m  OK  [0m] Started D-Bus System Message Bus.
[   15.017626] cloud-init[956]: |       . oB      |
[   15.021367] cloud-init[956]: |     . o.*=+     |
[   15.025419] cloud-init[956]: |      + %=+..    |
[   15.029671] cloud-init[956]: |     o OS=.o     |
[   15.032592] cloud-init[956]: |    . Eo= .. .   |
[   15.034246] cloud-init[956]: |     =.oo=o+o .  |
[   15.035818] cloud-init[956]: |    o .. .=o+  . |
[   15.037624] cloud-init[956]: |           . o.  |
[   15.050379] cloud-init[956]: +----[SHA256]-----+
[   15.056484] cloud-init[956]: Generating public/private dsa key pair.
[   15.058024] cloud-init[956]: Your identification has been saved in /etc/ssh/ssh_host_dsa_key.
[   15.059858] cloud-init[956]: Your public key has been saved in /etc/ssh/ssh_host_dsa_key.pub.
[   15.062547] cloud-init[956]: The key fingerprint is:
[   15.063979] cloud-init[956]: SHA256:qhr7iOjdd6ydpXdj5cPR8tAuZU3GrSHlpOAiIzSJTs8 root@ubuntu-xenial
[   15.065901] cloud-init[956]: The key's randomart image is:
[   15.067325] cloud-init[956]: +---[DSA 1024]----+
[   15.068695] cloud-init[956]: |   . .           |
[   15.072628] cloud-init[956]: |  o +     .   o  |
[   15.080406] cloud-init[956]: | o + .   . . = ..|
[   15.082961] cloud-init[956]: |  . E o . . o o =|
         Starting Snappy daemon...
[   15.090197] cloud-init[956]: |     . oS.   . *o|
[[0;32m  OK  [0m] Started Regular background program processing daemon.
[[0;32m  OK  [0m] Started Deferred execution scheduler.
[   15.094009] cloud-init[956]: |       .      +o*|
[   15.102066] cloud-init[956]: |  .   . .  .  +B.|
[   15.112468]          cloud-initStarting /etc/rc.local Compatibility...[956]: 
|...+.. ..o+. +.+o|
         Starting LSB: Record successful boot for GRUB...
         Starting Login Service...
[[0;32m  OK  [0m] Started System Logging Service.
[[0;32m  OK  [0m] Started /etc/rc.local Compatibility.
[   15.112969] cloud-init[956]: |+.++o...o+. o ...|
[   15.137842] cloud-init[956]: +----[SHA256]-----+
[   15.146977] cloud-init[956]: Generating public/private ecdsa key pair.
[   15.152041] cloud-init[956]: Your identification has been saved in /etc/ssh/ssh_host_ecdsa_key.
[   15.173395] cloud-init[956]: Your public key has been saved in /etc/ssh/ssh_host_ecdsa_key.pub.
[   15.180976] cloud-init[956]: The key fingerprint is:
[   15.182896] cloud-init[956]: SHA256:wmUrVtpH7PKIrpVkDX3VHXQtTwVIlpuFUzMbBnd+ZvI root@ubuntu-xenial
[   15.189455] cloud-init[956]: The key's randomart image is:
[   15.200626] cloud-init[956]: +---[ECDSA 256]---+
[   15.201137] cloud-init[956]: |           .=BX=B|
[   15.201411] cloud-init[956]: |       . . o=o+B=|
[   15.201630] cloud-init[956]: |      . = +  =o+=|
[   15.201832] cloud-init[956]: |     . O =  o  =o|
[   15.202043] cloud-init[956]: |      O S o     E|
[   15.202256] cloud-init[956]: |     + = =       |
[   15.202688] cloud-init[956]: |      + . .      |
[   15.202898] cloud-init[956]: |     o           |
[   15.203134] cloud-init[956]: |    ...          |
[   15.203321] cloud-init[956]: +----[SHA256]-----+
[   15.203764] cloud-init[956]: Generating public/private ed25519 key pair.
[   15.204641] cloud-init[956]: Your identification has been saved in /etc/ssh/ssh_host_ed25519_key.
[   15.204845] cloud-init[956]: Your public key has been saved in /etc/ssh/ssh_host_ed25519_key.pub.
[   15.205056] cloud-init[956]: The key fingerprint is:
[   15.205268] cloud-init[956]: SHA256:EuJGE7C6Cel77GMG1OmIcVWOca4EQEFBNwgGBCo/bFc root@ubuntu-xenial
[   15.205517] cloud-init[956]: The key's randomart image is:
[   15.205713] cloud-init[956]: +--[ED25519 256]--+
[   15.205926] cloud-init[956]: |&X*+o.o          |
[   15.206137] cloud-init[956]: |o..ooB           |
[   15.206674] cloud-init[956]: |o o.B E          |
[   15.206783] cloud-init[956]: |o*.* = .         |
[   15.206991] cloud-init[956]: |*oB = . S        |
[   15.207201] cloud-init[956]: |+* =   .         |
[   15.207518] cloud-init[956]: |o.o              |
[   15.207737] cloud-init[956]: |  .*             |
[   15.207945] cloud-init[956]: | .=..            |
[   15.208397] cloud-init[956]: +----[SHA256]-----+
[[0;32m  OK  [0m] Started Login to default iSCSI targets.
[[0;32m  OK  [0m] Started LXD - container startup/shutdown.
[[0;32m  OK  [0m] Started LSB: MD monitoring daemon.
[[0;32m  OK  [0m] Started Pollinate to seed the pseudo random number generator.
[[0;32m  OK  [0m] Started Virtualbox guest utils.
[[0;32m  OK  [0m] Started LSB: Record successful boot for GRUB.
         Starting Authenticate and Authorize Users to Run Privileged Tasks...
         Starting OpenBSD Secure Shell server...
[[0;32m  OK  [0m] Reached target Remote File Systems (Pre).
[[0;32m  OK  [0m] Reached target Remote File Systems.
         Starting LSB: automatic crash report generation...
         Starting LSB: Set the CPU Frequency Scaling governor to "ondemand"...
         Starting Permit User Sessions...
         Starting LSB: daemon to balance interrupts for SMP systems...
[[0;32m  OK  [0m] Started Permit User Sessions.
[[0;32m  OK  [0m] Started Snappy daemon.
[[0;32m  OK  [0m] Started Login Service.
[[0;32m  OK  [0m] Started Authenticate and Authorize Users to Run Privileged Tasks.
[[0;32m  OK  [0m] Started OpenBSD Secure Shell server.
[[0;32m  OK  [0m] Started Accounts Service.
[[0;32m  OK  [0m] Started LSB: Set the CPU Frequency Scaling governor to "ondemand".
[[0;32m  OK  [0m] Started Unattended Upgrades Shutdown.
         Starting Wait until snapd is fully seeded...
         Starting Hold until boot process finishes up...
         Starting Terminate Plymouth Boot Screen...
[[0;32m  OK  [0m] Started LSB: automatic crash report generation.
[[0;32m  OK  [0m] Started LSB: daemon to balance interrupts for SMP systems.
[[0;32m  OK  [0m] Started Hold until boot process finishes up.
[[0;32m  OK  [0m] Started Terminate Plymouth Boot Screen.
         Starting Set console scheme...
[[0;32m  OK  [0m] Started Getty on tty1.
[[0;32m  OK  [0m] Started Serial Getty on ttyS0.
[[0;32m  OK  [0m] Reached target Login Prompts.
[[0;32m  OK  [0m] Started Set console scheme.
[[0;32m  OK  [0m] Started Wait until snapd is fully seeded.
         Starting Apply the settings specified in cloud-config...
[[0;32m  OK  [0m] Reached target Multi-User System.
[[0;32m  OK  [0m] Reached target Graphical Interface.
         Starting Update UTMP about System Runlevel Changes...
[[0;32m  OK  [0m] Started Update UTMP about System Runlevel Changes.
[   16.670580] cloud-init[1314]: Generating locales (this might take a while)...
[   17.611075] cloud-init[1314]:   en_US.UTF-8... done
[   17.613227] cloud-init[1314]: Generation complete.
[[0;32m  OK  [0m] Created slice User Slice of vagrant.
         Starting User Manager for UID 1000...
[[0;32m  OK  [0m] Started User Manager for UID 1000.
[[0;32m  OK  [0m] Started Session 1 of user vagrant.
[   18.004507] cloud-init[1314]: Cloud-init v. 19.2-36-g059d049c-0ubuntu2~16.04.1 running 'modules:config' at Thu, 16 Jan 2020 09:45:28 +0000. Up 16.55 seconds.
[[0;32m  OK  [0m] Started Apply the settings specified in cloud-config.
         Starting Execute cloud user/final scripts...
ci-info: no authorized ssh keys fingerprints found for user ubuntu.
<14>Jan 16 09:45:30 ec2: 
<14>Jan 16 09:45:30 ec2: #############################################################
<14>Jan 16 09:45:30 ec2: -----BEGIN SSH HOST KEY FINGERPRINTS-----
<14>Jan 16 09:45:30 ec2: 1024 SHA256:qhr7iOjdd6ydpXdj5cPR8tAuZU3GrSHlpOAiIzSJTs8 root@ubuntu-xenial (DSA)
<14>Jan 16 09:45:30 ec2: 256 SHA256:wmUrVtpH7PKIrpVkDX3VHXQtTwVIlpuFUzMbBnd+ZvI root@ubuntu-xenial (ECDSA)
<14>Jan 16 09:45:30 ec2: 256 SHA256:EuJGE7C6Cel77GMG1OmIcVWOca4EQEFBNwgGBCo/bFc root@ubuntu-xenial (ED25519)
<14>Jan 16 09:45:30 ec2: 2048 SHA256:Ln2H1yvDCBM29YiTbCNdQW5avEDNaTu7wwD8wh6ZuFk root@ubuntu-xenial (RSA)
<14>Jan 16 09:45:30 ec2: -----END SSH HOST KEY FINGERPRINTS-----
<14>Jan 16 09:45:30 ec2: #############################################################
-----BEGIN SSH HOST KEY KEYS-----
ecdsa-sha2-nistp256 AAAAE2VjZHNhLXNoYTItbmlzdHAyNTYAAAAIbmlzdHAyNTYAAABBBD6C5YnfB9y2h4oAS2T4INnE7mRFlYTB1MAZkyT3ONygknS+qGAkHdpjRljSXc6uuueO7sTyZbxtZvBpLYNbZPc= root@ubuntu-xenial
ssh-ed25519 AAAAC3NzaC1lZDI1NTE5AAAAIHmjKrP00n23Pmt769uuGttW47cyjSQGwnQxovc+B5vE root@ubuntu-xenial
ssh-rsa AAAAB3NzaC1yc2EAAAADAQABAAABAQC5ckLMV46Y5z1YQUSsPbH6hF6GY5tOrDTrvwClhFugtEULg0EYrMpMW8rkUnbEnqPFsM+J0h1a4uyZ0UGC9ZqKZ+zYW2bxrlu2xL2yw7BGIH01uSjkk9wzkeCeinf1JSON3+Ixg5HvzesnNB04G26F8eDAVmuVmCLf5p/AvjadXMyvTHK4PoPWy0txyKDII7dFU4j/R+t3YFjDDQplS44bdsXurDgzyRqkIdykFolqOTyFc74FnGWE5ldw+P9//yJdNEuL/bb28fDq5aJCJ5HkcC4pT9G1wBOJl/DxM4uCITIPYlhxP4dhJUanhCwwMDF1DKxmUOKz1N/C1k7sCZtR root@ubuntu-xenial
-----END SSH HOST KEY KEYS-----
[   18.839041] cloud-init[1414]: Cloud-init v. 19.2-36-g059d049c-0ubuntu2~16.04.1 running 'modules:final' at Thu, 16 Jan 2020 09:45:30 +0000. Up 18.56 seconds.
[   18.843694] cloud-init[1414]: ci-info: no authorized ssh keys fingerprints found for user ubuntu.
[   18.859515] cloud-init[1414]: Cloud-init v. 19.2-36-g059d049c-0ubuntu2~16.04.1 finished at Thu, 16 Jan 2020 09:45:30 +0000. Datasource DataSourceNoCloud [seed=/dev/sdb][dsmode=net].  Up 18.82 seconds
[[0;32m  OK  [0m] Started Execute cloud user/final scripts.
[[0;32m  OK  [0m] Reached target Cloud-init target.

Ubuntu 16.04.6 LTS ubuntu-xenial ttyS0

ubuntu-xenial login: 